20231204	14:44:48	0f075cf1-0182-41d3-9375-d859f5cee170	GET	/entry	undefined
20231204	14:44:56	b08d6fc1-1dbb-49ad-85ab-db12c5051a8a	POST	/entry	undefined
20231204	14:45:00	3c999eec-e84d-4d63-b2f4-81b94a0b9d0f	GET	/entry	undefined
20231204	14:45:31	91397098-c0a1-4fe9-b913-2b6ad35f8014	POST	/entry	undefined
20231204	14:45:39	4949414d-367e-4d55-9c4e-5104e52681eb	POST	/entry	undefined
20231204	14:45:47	bee57163-6f09-4974-b456-2a67e12921ac	GET	/entry	undefined
20231204	14:45:59	79e2ca92-ea4d-4ffb-b723-a496adfefd4b	GET	/users	undefined
20231204	14:46:35	52ba7b39-1f81-41a8-a397-4d2525fe24a3	GET	/users	undefined
20231204	14:48:05	c7c08cd2-a52c-40f9-ba5e-996cb0d06609	GET	/users	undefined
20231204	14:48:23	3448a828-f8c2-4617-bcec-8b25f499b8c9	POST	/users	undefined
20231204	14:48:58	4d9832be-ead8-45df-bc7d-7d560e0a405d	POST	/users	undefined
20231204	14:49:02	251a4598-c35f-43e9-a3e2-a42b7f56729d	GET	/users	undefined
20231204	14:51:04	a5695ebe-d72b-477d-a284-cebd18005841	GET	/users	undefined
20231204	14:52:27	cb9bacf1-5a42-48e8-ba32-6e864a794d4d	GET	/users	undefined
20231204	14:53:32	749fb030-6cb9-4ee5-9016-55c7c44d731e	GET	/users	undefined
20231204	14:54:50	23bdf779-df85-4fc1-850d-0964ae65ddf0	GET	/users	undefined
20231204	14:55:01	49f81717-be87-4869-a318-569587d45293	GET	/users	undefined
20231204	14:56:49	56363b86-e9e0-4d78-856a-cf621d9cdada	GET	/users	undefined
20231204	14:57:22	c1fc6627-c0e0-4f48-8531-7b6cdf77e0e1	GET	/users	undefined
20231204	14:57:56	e795f228-5af6-4816-ac97-b9638ea588a8	GET	/users	undefined
20231204	14:58:46	37a3fa58-637f-4d3d-9981-d7e4c63502e4	GET	/users	undefined
20231204	14:58:50	023da3e9-341d-4df5-bad8-ba7424cf17cf	GET	/users	undefined
20231204	14:59:10	bfeec576-9578-4a46-8a4e-b1d668537eab	GET	/users	undefined
20231204	14:59:41	3ac34710-b4cf-4d21-a8d0-4dba032a539a	GET	/users	undefined
20231204	14:59:45	f9c13d66-9f43-4b49-8d00-e6f0e75d85f5	POST	/users	undefined
20231204	15:01:27	e895fdc1-c46c-40ba-9057-80129881452a	GET	/users	undefined
20231204	15:03:40	240da5cf-be7c-4aa2-8557-832ae4210c5f	POST	/users	undefined
20231204	15:04:01	f226b8da-469e-4964-9bd2-0c33be1ce082	GET	/users	undefined
20231204	15:05:46	d9fb3e6a-481a-4295-bc06-6f84ce543a7a	GET	/users	undefined
20231204	15:07:24	6b3e79d8-43e9-4eb4-b006-5258a0fe3816	POST	/entry	undefined
20231204	15:07:31	cb978024-c45e-4152-934f-0d12a48d6a5f	POST	/entry	undefined
20231204	15:07:39	8fabf7e7-ccd0-4321-bf95-02b56da7a53a	GET	/users	undefined
20231204	15:07:50	8b4d9903-fc54-4ba2-8ce5-1e1ba74c5ace	POST	/entry	undefined
20231204	15:07:56	14d9cb7d-6bd4-4175-ada8-3b1c8b4448d2	POST	/entry	undefined
20231204	15:08:01	9fa2d049-dcd5-48fc-b812-2cb60f321b72	GET	/entry	undefined
20231205	21:17:33	5532eb69-d772-49ee-848d-a4f695ba8935	GET	/entry	undefined
20231205	21:18:13	4986513a-2ee7-49dd-aac7-ff49a37d96fd	DELETE	/entry	undefined
20231205	21:18:17	2a4c51be-06c9-4bd5-bcca-e81a39471dea	GET	/entry	undefined
20231205	21:18:38	f3600565-79d9-4917-9fb4-3d6c28c2aff1	DELETE	/entry	undefined
20231205	21:18:43	b1d273d6-73d1-4099-b38a-7cd98ef93fb7	DELETE	/entry	undefined
20231205	21:20:07	a3b48ce7-890f-415d-b0a6-e983e4c8341d	DELETE	/entry	undefined
20231205	21:20:16	90ac4250-68d5-4d05-84dc-6482aa6e6d92	DELETE	/entry	undefined
20231205	21:20:22	59682a8b-d8fe-4a63-9b01-167478f280c2	DELETE	/entry	undefined
20231205	21:20:48	64777957-c2e2-4529-9416-824b4a0670a8	DELETE	/entry	undefined
20231205	21:20:59	f5b07736-5fcb-4104-b2b9-bd8e79dc3c5c	DELETE	/entry	undefined
20231205	21:21:17	044f2584-5fbc-45d3-ac21-611d24acf05d	DELETE	/entry	undefined
20231205	21:22:31	a57182e8-0729-47ed-8190-7aa35d855584	GET	/entry	undefined
20231205	21:27:19	bde869fc-fefe-46ed-8b0d-449bae480477	GET	/entry	undefined
20231205	21:27:24	55377bf5-d043-4f6d-b099-07b4b748af7c	DELETE	/entry	undefined
20231205	21:27:30	e6ad8f5f-5a7f-4f1e-b211-d3b5ce478600	DELETE	/entry	undefined
20231205	21:28:20	19e68adc-a969-4e99-beea-09aaab5f2e1e	GET	/entry	undefined
20231205	21:28:31	9486dcee-8ab1-49de-8f16-e108b4ff0815	GET	/entry	undefined
20231205	21:28:34	5d57bcfd-82a5-4ae6-a964-0f6fd6be1d75	DELETE	/entry	undefined
20231205	21:29:44	e239ebb5-f017-49ca-93cd-4e74d03c0de1	DELETE	/entry	undefined
20231206	01:34:05	a91fcac0-ab5a-441c-8ea1-ccaac6bb11c3	GET	/static/js/bundle.js	undefined
20231206	01:34:05	7900b1ce-b327-451d-8480-0ea04f462bdf	GET	/manifest.json	undefined
20231206	01:54:03	8daccea5-7886-49a8-bd92-44497cf536fa	OPTIONS	/api/createNewUser	http://localhost:3001
20231206	01:54:13	68f16a57-8571-4cdc-9676-879e7afddc14	OPTIONS	/api/createNewUser	http://localhost:3001
20231206	01:55:27	c103e558-19cf-4731-a407-50b777cfcbdd	OPTIONS	/api/createNewUser	http://localhost:3001
20231206	01:55:43	291fd136-5458-42e6-8fe8-8f0c2a863290	OPTIONS	/api/createNewUser	http://localhost:3001
20231206	01:57:57	caf5a5be-398e-415b-bd23-171bb760f26c	OPTIONS	/api/createNewUser	http://localhost:3001
20231206	01:58:02	ce6c4b18-7b66-4596-9966-e07fa6793c9b	OPTIONS	/api/createNewUser	http://localhost:3001
20231206	02:00:14	70e6d238-60fb-49e8-b3ef-7f6e4bc170f9	OPTIONS	/api/createNewUser	http://localhost:3001
20231206	02:00:49	644142e0-985f-433c-af0d-1bd2c97b98c1	OPTIONS	/api/createNewUser	http://localhost:3001
20231206	02:04:45	6b9842ee-52df-4c82-b168-ee6503cb2d24	OPTIONS	/api/createNewUser	http://localhost:3001
20231206	02:05:17	f3052030-39df-4f41-bcc3-f3b18d535e52	OPTIONS	/api/createNewUser	http://localhost:3001
20231206	02:05:32	ee8e0d55-b727-4bd4-9b93-c4d90e4681d4	OPTIONS	/api/createNewUser	http://localhost:3001
20231206	02:09:12	63feb5e4-fd0a-461d-92a3-578018535cd2	OPTIONS	/api/createNewUser	http://localhost:3001
20231206	02:09:12	5fc732a6-cdad-47b4-8e87-3c88b42157dc	POST	/api/createNewUser	http://localhost:3001
20231206	02:10:38	f5f164ed-9018-4727-a07a-a004a7c2272d	OPTIONS	/api/createNewUser	http://localhost:3001
20231206	02:10:38	7c2b3ee7-a170-4c55-97f9-6b1c728bad18	POST	/api/createNewUser	http://localhost:3001
20231206	02:10:47	0ecc193c-f731-450b-8888-e31273184a67	OPTIONS	/api/createNewUser	http://localhost:3001
20231206	02:10:47	7a11bed8-9df6-47af-b8d6-351a1964bc1f	POST	/api/createNewUser	http://localhost:3001
20231206	02:11:02	f3c6c566-3094-45a2-a24a-b25021ca7f9d	OPTIONS	/api/createNewUser	http://localhost:3001
20231206	02:11:02	c166ea89-3d9c-43f6-a958-eb99f37211f1	POST	/api/createNewUser	http://localhost:3001
20231206	02:11:07	026ed9e9-90d5-4403-9653-d2c886bb2dec	POST	/api/createNewUser	http://localhost:3001
